<?xml version="1.0" encoding="UTF-8"?>
<coverage generated="1551382592251" clover="3.2.0">
  <project timestamp="1551382592251" name="All files">
    <metrics statements="52" coveredstatements="52" conditionals="17" coveredconditionals="17" methods="9" coveredmethods="9" elements="78" coveredelements="78" complexity="0" loc="52" ncloc="52" packages="1" files="1" classes="1"/>
    <file name="pet.js" path="/Users/danielcross/Projects/mcrcodes/student-work/virtual-pet-1/src/pet.js">
      <metrics statements="52" coveredstatements="52" conditionals="17" coveredconditionals="17" methods="9" coveredmethods="9"/>
      <line num="2" count="1" type="stmt"/>
      <line num="3" count="1" type="stmt"/>
      <line num="4" count="1" type="stmt"/>
      <line num="5" count="1" type="stmt"/>
      <line num="6" count="1" type="stmt"/>
      <line num="7" count="1" type="stmt"/>
      <line num="10" count="25" type="stmt"/>
      <line num="11" count="25" type="stmt"/>
      <line num="12" count="25" type="stmt"/>
      <line num="13" count="25" type="stmt"/>
      <line num="14" count="25" type="stmt"/>
      <line num="17" count="1" type="stmt"/>
      <line num="19" count="20" type="cond" truecount="3" falsecount="0"/>
      <line num="35" count="1" type="stmt"/>
      <line num="36" count="19" type="cond" truecount="2" falsecount="0"/>
      <line num="37" count="9" type="stmt"/>
      <line num="41" count="1" type="stmt"/>
      <line num="42" count="5" type="stmt"/>
      <line num="43" count="2" type="stmt"/>
      <line num="44" count="2" type="stmt"/>
      <line num="46" count="2" type="stmt"/>
      <line num="47" count="2" type="stmt"/>
      <line num="48" count="2" type="stmt"/>
      <line num="51" count="1" type="stmt"/>
      <line num="52" count="5" type="stmt"/>
      <line num="53" count="2" type="stmt"/>
      <line num="55" count="2" type="cond" truecount="2" falsecount="0"/>
      <line num="56" count="1" type="stmt"/>
      <line num="58" count="1" type="stmt"/>
      <line num="62" count="1" type="stmt"/>
      <line num="63" count="5" type="stmt"/>
      <line num="64" count="2" type="stmt"/>
      <line num="66" count="2" type="cond" truecount="2" falsecount="0"/>
      <line num="67" count="1" type="stmt"/>
      <line num="69" count="1" type="stmt"/>
      <line num="73" count="1" type="stmt"/>
      <line num="74" count="4" type="stmt"/>
      <line num="75" count="4" type="stmt"/>
      <line num="76" count="4" type="stmt"/>
      <line num="78" count="4" type="cond" truecount="4" falsecount="0"/>
      <line num="79" count="1" type="stmt"/>
      <line num="81" count="3" type="cond" truecount="2" falsecount="0"/>
      <line num="82" count="1" type="stmt"/>
      <line num="84" count="2" type="cond" truecount="2" falsecount="0"/>
      <line num="85" count="1" type="stmt"/>
      <line num="87" count="1" type="stmt"/>
      <line num="90" count="1" type="stmt"/>
      <line num="91" count="1" type="stmt"/>
      <line num="94" count="1" type="stmt"/>
      <line num="95" count="1" type="stmt"/>
      <line num="96" count="1" type="stmt"/>
      <line num="99" count="1" type="stmt"/>
    </file>
  </project>
</coverage>
