{"/Users/danielcross/Projects/mcrcodes/student-work/virtual-pet-1/src/pet.js": {"path":"/Users/danielcross/Projects/mcrcodes/student-work/virtual-pet-1/src/pet.js","statementMap":{"0":{"start":{"line":2,"column":19},"end":{"line":2,"column":20}},"1":{"start":{"line":3,"column":24},"end":{"line":3,"column":26}},"2":{"start":{"line":4,"column":22},"end":{"line":4,"column":23}},"3":{"start":{"line":5,"column":24},"end":{"line":5,"column":26}},"4":{"start":{"line":6,"column":23},"end":{"line":6,"column":25}},"5":{"start":{"line":7,"column":28},"end":{"line":7,"column":29}},"6":{"start":{"line":10,"column":2},"end":{"line":10,"column":19}},"7":{"start":{"line":11,"column":2},"end":{"line":11,"column":24}},"8":{"start":{"line":12,"column":2},"end":{"line":12,"column":30}},"9":{"start":{"line":13,"column":2},"end":{"line":13,"column":32}},"10":{"start":{"line":14,"column":2},"end":{"line":14,"column":21}},"11":{"start":{"line":17,"column":0},"end":{"line":22,"column":2}},"12":{"start":{"line":19,"column":4},"end":{"line":20,"column":34}},"13":{"start":{"line":35,"column":20},"end":{"line":39,"column":1}},"14":{"start":{"line":36,"column":2},"end":{"line":38,"column":3}},"15":{"start":{"line":37,"column":4},"end":{"line":37,"column":54}},"16":{"start":{"line":41,"column":0},"end":{"line":49,"column":2}},"17":{"start":{"line":42,"column":2},"end":{"line":42,"column":25}},"18":{"start":{"line":43,"column":26},"end":{"line":43,"column":27}},"19":{"start":{"line":44,"column":27},"end":{"line":44,"column":28}},"20":{"start":{"line":46,"column":2},"end":{"line":46,"column":26}},"21":{"start":{"line":47,"column":2},"end":{"line":47,"column":33}},"22":{"start":{"line":48,"column":2},"end":{"line":48,"column":35}},"23":{"start":{"line":51,"column":0},"end":{"line":60,"column":2}},"24":{"start":{"line":52,"column":2},"end":{"line":52,"column":25}},"25":{"start":{"line":53,"column":29},"end":{"line":53,"column":30}},"26":{"start":{"line":55,"column":2},"end":{"line":59,"column":3}},"27":{"start":{"line":56,"column":4},"end":{"line":56,"column":39}},"28":{"start":{"line":58,"column":4},"end":{"line":58,"column":34}},"29":{"start":{"line":62,"column":0},"end":{"line":71,"column":2}},"30":{"start":{"line":63,"column":2},"end":{"line":63,"column":25}},"31":{"start":{"line":64,"column":28},"end":{"line":64,"column":29}},"32":{"start":{"line":66,"column":2},"end":{"line":70,"column":3}},"33":{"start":{"line":67,"column":4},"end":{"line":67,"column":37}},"34":{"start":{"line":69,"column":4},"end":{"line":69,"column":32}},"35":{"start":{"line":73,"column":0},"end":{"line":88,"column":2}},"36":{"start":{"line":74,"column":2},"end":{"line":74,"column":25}},"37":{"start":{"line":75,"column":23},"end":{"line":75,"column":24}},"38":{"start":{"line":76,"column":23},"end":{"line":76,"column":24}},"39":{"start":{"line":78,"column":2},"end":{"line":80,"column":3}},"40":{"start":{"line":79,"column":4},"end":{"line":79,"column":43}},"41":{"start":{"line":81,"column":2},"end":{"line":83,"column":3}},"42":{"start":{"line":82,"column":4},"end":{"line":82,"column":25}},"43":{"start":{"line":84,"column":2},"end":{"line":86,"column":3}},"44":{"start":{"line":85,"column":4},"end":{"line":85,"column":27}},"45":{"start":{"line":87,"column":2},"end":{"line":87,"column":25}},"46":{"start":{"line":90,"column":0},"end":{"line":92,"column":2}},"47":{"start":{"line":91,"column":2},"end":{"line":91,"column":28}},"48":{"start":{"line":94,"column":0},"end":{"line":97,"column":2}},"49":{"start":{"line":95,"column":16},"end":{"line":95,"column":35}},"50":{"start":{"line":96,"column":2},"end":{"line":96,"column":28}},"51":{"start":{"line":99,"column":0},"end":{"line":99,"column":21}}},"fnMap":{"0":{"name":"Pet","decl":{"start":{"line":9,"column":9},"end":{"line":9,"column":12}},"loc":{"start":{"line":9,"column":19},"end":{"line":15,"column":1}},"line":9},"1":{"name":"(anonymous_1)","decl":{"start":{"line":18,"column":2},"end":{"line":18,"column":3}},"loc":{"start":{"line":18,"column":16},"end":{"line":21,"column":3}},"line":18},"2":{"name":"(anonymous_2)","decl":{"start":{"line":35,"column":20},"end":{"line":35,"column":21}},"loc":{"start":{"line":35,"column":32},"end":{"line":39,"column":1}},"line":35},"3":{"name":"(anonymous_3)","decl":{"start":{"line":41,"column":23},"end":{"line":41,"column":24}},"loc":{"start":{"line":41,"column":35},"end":{"line":49,"column":1}},"line":41},"4":{"name":"(anonymous_4)","decl":{"start":{"line":51,"column":21},"end":{"line":51,"column":22}},"loc":{"start":{"line":51,"column":33},"end":{"line":60,"column":1}},"line":51},"5":{"name":"(anonymous_5)","decl":{"start":{"line":62,"column":21},"end":{"line":62,"column":22}},"loc":{"start":{"line":62,"column":33},"end":{"line":71,"column":1}},"line":62},"6":{"name":"(anonymous_6)","decl":{"start":{"line":73,"column":24},"end":{"line":73,"column":25}},"loc":{"start":{"line":73,"column":36},"end":{"line":88,"column":1}},"line":73},"7":{"name":"(anonymous_7)","decl":{"start":{"line":90,"column":27},"end":{"line":90,"column":28}},"loc":{"start":{"line":90,"column":44},"end":{"line":92,"column":1}},"line":90},"8":{"name":"(anonymous_8)","decl":{"start":{"line":94,"column":25},"end":{"line":94,"column":26}},"loc":{"start":{"line":94,"column":47},"end":{"line":97,"column":1}},"line":94}},"branchMap":{"0":{"loc":{"start":{"line":19,"column":11},"end":{"line":20,"column":33}},"type":"binary-expr","locations":[{"start":{"line":19,"column":11},"end":{"line":19,"column":45}},{"start":{"line":19,"column":49},"end":{"line":19,"column":78}},{"start":{"line":20,"column":7},"end":{"line":20,"column":33}}],"line":19},"1":{"loc":{"start":{"line":36,"column":2},"end":{"line":38,"column":3}},"type":"if","locations":[{"start":{"line":36,"column":2},"end":{"line":38,"column":3}},{"start":{"line":36,"column":2},"end":{"line":38,"column":3}}],"line":36},"2":{"loc":{"start":{"line":55,"column":2},"end":{"line":59,"column":3}},"type":"if","locations":[{"start":{"line":55,"column":2},"end":{"line":59,"column":3}},{"start":{"line":55,"column":2},"end":{"line":59,"column":3}}],"line":55},"3":{"loc":{"start":{"line":66,"column":2},"end":{"line":70,"column":3}},"type":"if","locations":[{"start":{"line":66,"column":2},"end":{"line":70,"column":3}},{"start":{"line":66,"column":2},"end":{"line":70,"column":3}}],"line":66},"4":{"loc":{"start":{"line":78,"column":2},"end":{"line":80,"column":3}},"type":"if","locations":[{"start":{"line":78,"column":2},"end":{"line":80,"column":3}},{"start":{"line":78,"column":2},"end":{"line":80,"column":3}}],"line":78},"5":{"loc":{"start":{"line":78,"column":6},"end":{"line":78,"column":65}},"type":"binary-expr","locations":[{"start":{"line":78,"column":6},"end":{"line":78,"column":33}},{"start":{"line":78,"column":37},"end":{"line":78,"column":65}}],"line":78},"6":{"loc":{"start":{"line":81,"column":2},"end":{"line":83,"column":3}},"type":"if","locations":[{"start":{"line":81,"column":2},"end":{"line":83,"column":3}},{"start":{"line":81,"column":2},"end":{"line":83,"column":3}}],"line":81},"7":{"loc":{"start":{"line":84,"column":2},"end":{"line":86,"column":3}},"type":"if","locations":[{"start":{"line":84,"column":2},"end":{"line":86,"column":3}},{"start":{"line":84,"column":2},"end":{"line":86,"column":3}}],"line":84}},"s":{"0":1,"1":1,"2":1,"3":1,"4":1,"5":1,"6":25,"7":25,"8":25,"9":25,"10":25,"11":1,"12":20,"13":1,"14":19,"15":9,"16":1,"17":5,"18":2,"19":2,"20":2,"21":2,"22":2,"23":1,"24":5,"25":2,"26":2,"27":1,"28":1,"29":1,"30":5,"31":2,"32":2,"33":1,"34":1,"35":1,"36":4,"37":4,"38":4,"39":4,"40":1,"41":3,"42":1,"43":2,"44":1,"45":1,"46":1,"47":1,"48":1,"49":1,"50":1,"51":1},"f":{"0":25,"1":20,"2":19,"3":5,"4":5,"5":5,"6":4,"7":1,"8":1},"b":{"0":[20,16,12],"1":[9,10],"2":[1,1],"3":[1,1],"4":[1,3],"5":[4,2],"6":[1,2],"7":[1,1]},"_coverageSchema":"43e27e138ebf9cfc5966b082cf9a028302ed4184","hash":"ca87442bd9918130d91a910d8bd38c6071a89d54"}
}
