TN:
SF:/Users/danielcross/Projects/mcrcodes/student-work/virtual-pet-1/src/pet.js
FN:9,Pet
FN:18,(anonymous_1)
FN:35,(anonymous_2)
FN:41,(anonymous_3)
FN:51,(anonymous_4)
FN:62,(anonymous_5)
FN:73,(anonymous_6)
FN:90,(anonymous_7)
FN:94,(anonymous_8)
FNF:9
FNH:9
FNDA:25,Pet
FNDA:20,(anonymous_1)
FNDA:19,(anonymous_2)
FNDA:5,(anonymous_3)
FNDA:5,(anonymous_4)
FNDA:5,(anonymous_5)
FNDA:4,(anonymous_6)
FNDA:1,(anonymous_7)
FNDA:1,(anonymous_8)
DA:2,1
DA:3,1
DA:4,1
DA:5,1
DA:6,1
DA:7,1
DA:10,25
DA:11,25
DA:12,25
DA:13,25
DA:14,25
DA:17,1
DA:19,20
DA:35,1
DA:36,19
DA:37,9
DA:41,1
DA:42,5
DA:43,2
DA:44,2
DA:46,2
DA:47,2
DA:48,2
DA:51,1
DA:52,5
DA:53,2
DA:55,2
DA:56,1
DA:58,1
DA:62,1
DA:63,5
DA:64,2
DA:66,2
DA:67,1
DA:69,1
DA:73,1
DA:74,4
DA:75,4
DA:76,4
DA:78,4
DA:79,1
DA:81,3
DA:82,1
DA:84,2
DA:85,1
DA:87,1
DA:90,1
DA:91,1
DA:94,1
DA:95,1
DA:96,1
DA:99,1
LF:52
LH:52
BRDA:19,0,0,20
BRDA:19,0,1,16
BRDA:19,0,2,12
BRDA:36,1,0,9
BRDA:36,1,1,10
BRDA:55,2,0,1
BRDA:55,2,1,1
BRDA:66,3,0,1
BRDA:66,3,1,1
BRDA:78,4,0,1
BRDA:78,4,1,3
BRDA:78,5,0,4
BRDA:78,5,1,2
BRDA:81,6,0,1
BRDA:81,6,1,2
BRDA:84,7,0,1
BRDA:84,7,1,1
BRF:17
BRH:17
end_of_record
